<?xml version="1.0" ?>
<testsuites disabled="0" errors="0" failures="2" tests="6" time="0.0">
	<testsuite disabled="0" errors="0" failures="2" name="Badweh HIL Tests" skipped="0" tests="6" time="0">
		<testcase name="version"/>
		<testcase name="help"/>
		<testcase name="i2c_status">
			<failure type="AssertionError">I2C bus not responding</failure>
		</testcase>
		<testcase name="tmphm_measurement">
			<failure type="ValueError">Temperature reading out of range: -50.0</failure>
		</testcase>
		<testcase name="tmphm_crc8"/>
		<testcase name="tmphm_status"/>
	</testsuite>
</testsuites>

